<testsuites name="jest tests" tests="16" failures="3" time="17.178">
  <testsuite name="undefined" errors="0" failures="3" skipped="0" timestamp="2020-04-13T22:44:59" time="17.178" tests="16">
    <testcase classname=" should create the catalog-viewer app" name=" should create the catalog-viewer app" time="0.069">
    </testcase>
    <testcase classname=" page should contain the catalog UI elements" name=" page should contain the catalog UI elements" time="0.032">
    </testcase>
    <testcase classname=" should catalog-view load with first item of catalog" name=" should catalog-view load with first item of catalog" time="0.028">
    </testcase>
    <testcase classname=" catalog thumb icons length should be equal to catalog items length" name=" catalog thumb icons length should be equal to catalog items length" time="0.034">
    </testcase>
    <testcase classname=" Clicking on previous button should show the previous image" name=" Clicking on previous button should show the previous image" time="0.026">
      <failure>Error: expect(element).toHaveClass(&quot;thumb-selected&quot;)

Expected the element to have class:
  thumb-selected
Received:
  thumb-outer
    at Object.&lt;anonymous&gt; (/Users/basri/Development/code/7d4e7ec0-4af0-49ba-b756-bbc0cfaadb85/src/App.test.js:121:23)
    at Object.asyncFn (/Users/basri/Development/code/7d4e7ec0-4af0-49ba-b756-bbc0cfaadb85/node_modules/jest-jasmine2/build/jasmine-async.js:68:30)
    at /Users/basri/Development/code/7d4e7ec0-4af0-49ba-b756-bbc0cfaadb85/node_modules/jest-jasmine2/build/queueRunner.js:38:12
    at new Promise (&lt;anonymous&gt;)
    at mapper (/Users/basri/Development/code/7d4e7ec0-4af0-49ba-b756-bbc0cfaadb85/node_modules/jest-jasmine2/build/queueRunner.js:31:21)
    at /Users/basri/Development/code/7d4e7ec0-4af0-49ba-b756-bbc0cfaadb85/node_modules/p-map/index.js:46:16
    at processTicksAndRejections (internal/process/task_queues.js:97:5)</failure>
    </testcase>
    <testcase classname=" Clicking on next button should show the next image" name=" Clicking on next button should show the next image" time="0.026">
    </testcase>
    <testcase classname=" Clicking on next button in the last item should show the first image" name=" Clicking on next button in the last item should show the first image" time="0.026">
    </testcase>
    <testcase classname=" Clicking on previous button in the first item should show the last image" name=" Clicking on previous button in the first item should show the last image" time="0.022">
      <failure>Error: expect(element).toHaveClass(&quot;thumb-selected&quot;)

Expected the element to have class:
  thumb-selected
Received:
  thumb-outer
    at Object.&lt;anonymous&gt; (/Users/basri/Development/code/7d4e7ec0-4af0-49ba-b756-bbc0cfaadb85/src/App.test.js:159:23)
    at Object.asyncFn (/Users/basri/Development/code/7d4e7ec0-4af0-49ba-b756-bbc0cfaadb85/node_modules/jest-jasmine2/build/jasmine-async.js:68:30)
    at /Users/basri/Development/code/7d4e7ec0-4af0-49ba-b756-bbc0cfaadb85/node_modules/jest-jasmine2/build/queueRunner.js:38:12
    at new Promise (&lt;anonymous&gt;)
    at mapper (/Users/basri/Development/code/7d4e7ec0-4af0-49ba-b756-bbc0cfaadb85/node_modules/jest-jasmine2/build/queueRunner.js:31:21)
    at /Users/basri/Development/code/7d4e7ec0-4af0-49ba-b756-bbc0cfaadb85/node_modules/p-map/index.js:46:16
    at processTicksAndRejections (internal/process/task_queues.js:97:5)</failure>
    </testcase>
    <testcase classname=" Clicking on any indicator icon should show the appropriate image" name=" Clicking on any indicator icon should show the appropriate image" time="0.016">
    </testcase>
    <testcase classname=" when slide enabled should change the image for every 3 seconds" name=" when slide enabled should change the image for every 3 seconds" time="6.04">
    </testcase>
    <testcase classname=" when slide enabled also user interaction like previous, next or indicator should work as expected" name=" when slide enabled also user interaction like previous, next or indicator should work as expected" time="3.045">
    </testcase>
    <testcase classname=" uncheck slide should stop changing the image for every 3 seconds" name=" uncheck slide should stop changing the image for every 3 seconds" time="6.044">
    </testcase>
    <testcase classname=" click on catalog thumb should update the viewer image" name=" click on catalog thumb should update the viewer image" time="0.018">
    </testcase>
    <testcase classname=" the first catalog thumb should have a background image &quot;/mobile-front-thumb.jpeg&quot;" name=" the first catalog thumb should have a background image &quot;/mobile-front-thumb.jpeg&quot;" time="0.014">
    </testcase>
    <testcase classname=" selected thumb should be highlighted with blue border by applying css class &quot;thumb-selected" name=" selected thumb should be highlighted with blue border by applying css class &quot;thumb-selected" time="0.019">
      <failure>Error: expect(element).toHaveClass(&quot;thumb-selected&quot;)

Expected the element to have class:
  thumb-selected
Received:
  thumb-outer
    at Object.&lt;anonymous&gt; (/Users/basri/Development/code/7d4e7ec0-4af0-49ba-b756-bbc0cfaadb85/src/App.test.js:251:23)
    at Object.asyncFn (/Users/basri/Development/code/7d4e7ec0-4af0-49ba-b756-bbc0cfaadb85/node_modules/jest-jasmine2/build/jasmine-async.js:68:30)
    at /Users/basri/Development/code/7d4e7ec0-4af0-49ba-b756-bbc0cfaadb85/node_modules/jest-jasmine2/build/queueRunner.js:38:12
    at new Promise (&lt;anonymous&gt;)
    at mapper (/Users/basri/Development/code/7d4e7ec0-4af0-49ba-b756-bbc0cfaadb85/node_modules/jest-jasmine2/build/queueRunner.js:31:21)
    at /Users/basri/Development/code/7d4e7ec0-4af0-49ba-b756-bbc0cfaadb85/node_modules/p-map/index.js:46:16</failure>
    </testcase>
    <testcase classname=" catalog view should display first img element by default" name=" catalog view should display first img element by default" time="0.006">
    </testcase>
  </testsuite>
</testsuites>